<?xml version="1.0" encoding="UTF-8"?>
<testng-results skipped="0" failed="0" ignored="0" total="1" passed="1">
  <reporter-output>
  </reporter-output>
  <suite name="Default suite" duration-ms="12130" started-at="2021-08-24T17:43:59Z" finished-at="2021-08-24T17:44:11Z">
    <groups>
    </groups>
    <test name="Default test" duration-ms="12130" started-at="2021-08-24T17:43:59Z" finished-at="2021-08-24T17:44:11Z">
      <class name="Gmail.Login">
        <test-method status="PASS" signature="gmaillogin()[pri:0, instance:Gmail.Login@2b98378d]" name="gmaillogin" duration-ms="12091" started-at="2021-08-24T17:43:59Z" finished-at="2021-08-24T17:44:11Z">
          <reporter-output>
          </reporter-output>
        </test-method> <!-- gmaillogin -->
      </class> <!-- Gmail.Login -->
    </test> <!-- Default test -->
  </suite> <!-- Default suite -->
</testng-results>
